Build started 2014-08-12 00:38:49.
     1>Project "C:\Users\Alexabder\projekt\road runner\road runner\road runner.vcxproj" on node 2 (build target(s)).
     1>InitializeBuildStatus:
         Touching "Debug\road runner.unsuccessfulbuild".
       ClCompile:
         All outputs are up-to-date.
         All outputs are up-to-date.
         All outputs are up-to-date.
       ManifestResourceCompile:
         All outputs are up-to-date.
       Link:
         c:\Program Files (x86)\Microsoft Visual Studio 10.0\VC\bin\link.exe /ERRORREPORT:PROMPT /OUT:"C:\Users\Alexabder\projekt\road runner\Debug\road runner.exe" /INCREMENTAL /NOLOGO SDL.lib SDL_image.lib SDL_mixer.lib SDL_ttf.lib SDLmain.lib kernel32.lib user32.lib gdi32.lib winspool.lib comdlg32.lib advapi32.lib shell32.lib ole32.lib oleaut32.lib uuid.lib odbc32.lib odbccp32.lib /MANIFEST /ManifestFile:"Debug\road runner.exe.intermediate.manifest" /MANIFESTUAC:"level='asInvoker' uiAccess='false'" /DEBUG /PDB:"C:\Users\Alexabder\projekt\road runner\Debug\road runner.pdb" /SUBSYSTEM:CONSOLE /TLBID:1 /DYNAMICBASE /NXCOMPAT /IMPLIB:"C:\Users\Alexabder\projekt\road runner\Debug\road runner.lib" /MACHINE:X86 "Debug\road runner.exe.embed.manifest.res"
         Debug\Engine.obj
         Debug\fastevents.obj
         Debug\Game.obj
         Debug\Gui.obj
         Debug\main.obj
         Debug\stdafx.obj
     1>MSVCRTD.lib(cinitexe.obj) : warning LNK4098: defaultlib 'msvcrt.lib' conflicts with use of other libs; use /NODEFAULTLIB:library
       Manifest:
         C:\Program Files (x86)\Microsoft SDKs\Windows\v7.0A\bin\mt.exe /nologo /verbose /out:"Debug\road runner.exe.embed.manifest" /manifest "Debug\road runner.exe.intermediate.manifest"
         C:\Program Files (x86)\Microsoft SDKs\Windows\v7.0A\bin\rc.exe /nologo /fo"Debug\road runner.exe.embed.manifest.res" "Debug\road runner_manifest.rc" 
       LinkEmbedManifest:
         c:\Program Files (x86)\Microsoft Visual Studio 10.0\VC\bin\link.exe /ERRORREPORT:PROMPT /OUT:"C:\Users\Alexabder\projekt\road runner\Debug\road runner.exe" /INCREMENTAL /NOLOGO SDL.lib SDL_image.lib SDL_mixer.lib SDL_ttf.lib SDLmain.lib kernel32.lib user32.lib gdi32.lib winspool.lib comdlg32.lib advapi32.lib shell32.lib ole32.lib oleaut32.lib uuid.lib odbc32.lib odbccp32.lib /MANIFEST /ManifestFile:"Debug\road runner.exe.intermediate.manifest" /MANIFESTUAC:"level='asInvoker' uiAccess='false'" /DEBUG /PDB:"C:\Users\Alexabder\projekt\road runner\Debug\road runner.pdb" /SUBSYSTEM:CONSOLE /TLBID:1 /DYNAMICBASE /NXCOMPAT /IMPLIB:"C:\Users\Alexabder\projekt\road runner\Debug\road runner.lib" /MACHINE:X86 "Debug\road runner.exe.embed.manifest.res"
         Debug\Engine.obj
         Debug\fastevents.obj
         Debug\Game.obj
         Debug\Gui.obj
         Debug\main.obj
         Debug\stdafx.obj
     1>MSVCRTD.lib(cinitexe.obj) : warning LNK4098: defaultlib 'msvcrt.lib' conflicts with use of other libs; use /NODEFAULTLIB:library
         road runner.vcxproj -> C:\Users\Alexabder\projekt\road runner\Debug\road runner.exe
       FinalizeBuildStatus:
         Deleting file "Debug\road runner.unsuccessfulbuild".
         Touching "Debug\road runner.lastbuildstate".
     1>Done Building Project "C:\Users\Alexabder\projekt\road runner\road runner\road runner.vcxproj" (build target(s)).

Build succeeded.

Time Elapsed 00:00:00.38
