C:\Users\Alexabder\projekt\road runner\Debug\road runner.pdb
C:\Users\Alexabder\projekt\road runner\road runner\Debug\cl.command.1.tlog
C:\Users\Alexabder\projekt\road runner\road runner\Debug\CL.read.1.tlog
C:\Users\Alexabder\projekt\road runner\road runner\Debug\CL.write.1.tlog
C:\USERS\ALEXABDER\PROJEKT\ROAD RUNNER\ROAD RUNNER\DEBUG\ENGINE.OBJ
C:\USERS\ALEXABDER\PROJEKT\ROAD RUNNER\ROAD RUNNER\DEBUG\FASTEVENTS.OBJ
C:\USERS\ALEXABDER\PROJEKT\ROAD RUNNER\ROAD RUNNER\DEBUG\GAME.OBJ
C:\USERS\ALEXABDER\PROJEKT\ROAD RUNNER\ROAD RUNNER\DEBUG\GUI.OBJ
C:\Users\Alexabder\projekt\road runner\road runner\Debug\link.command.1.tlog
C:\Users\Alexabder\projekt\road runner\road runner\Debug\link.read.1.tlog
C:\Users\Alexabder\projekt\road runner\road runner\Debug\link.write.1.tlog
C:\Users\Alexabder\projekt\road runner\road runner\Debug\link-cvtres.read.1.tlog
C:\Users\Alexabder\projekt\road runner\road runner\Debug\link-cvtres.write.1.tlog
C:\USERS\ALEXABDER\PROJEKT\ROAD RUNNER\ROAD RUNNER\DEBUG\MAIN.OBJ
C:\Users\Alexabder\projekt\road runner\road runner\Debug\rc.command.1.tlog
C:\Users\Alexabder\projekt\road runner\road runner\Debug\rc.read.1.tlog
C:\Users\Alexabder\projekt\road runner\road runner\Debug\rc.write.1.tlog
C:\Users\Alexabder\projekt\road runner\road runner\Debug\road runner.exe.embed.manifest
C:\USERS\ALEXABDER\PROJEKT\ROAD RUNNER\ROAD RUNNER\DEBUG\ROAD RUNNER.EXE.EMBED.MANIFEST.RES
C:\Users\Alexabder\projekt\road runner\road runner\Debug\road runner.exe.intermediate.manifest
C:\USERS\ALEXABDER\PROJEKT\ROAD RUNNER\ROAD RUNNER\DEBUG\ROAD RUNNER.PCH
C:\Users\Alexabder\projekt\road runner\road runner\Debug\road runner.write.1.tlog
C:\Users\Alexabder\projekt\road runner\road runner\Debug\road runner_manifest.rc
C:\USERS\ALEXABDER\PROJEKT\ROAD RUNNER\ROAD RUNNER\DEBUG\STDAFX.OBJ
C:\Users\Alexabder\projekt\road runner\road runner\Debug\vc100.idb
C:\USERS\ALEXABDER\PROJEKT\ROAD RUNNER\ROAD RUNNER\DEBUG\VC100.PDB
